 ******* Program HYDRUS
 ******* 
 Welcome to HYDRUS-1D                                                    
 Date:  23. 4.    Time:  14:22:42
 Units: L = cm   , T = days , M = 5    

----------------------------------------------------------
 Time       [T]        0.0010
----------------------------------------------------------
 Sub-region num.                     1
----------------------------------------------------------
 Length   [L]        0.20000E+03  0.20000E+03
 W-volume [L]        0.64260E+02  0.64260E+02
 In-flow  [L/T]      0.00000E+00  0.00000E+00
 h Mean   [L]       -0.10000E+03 -0.10000E+03
 ConcVol  [M/L2] 1   0.00000E+00  0.00000E+00
 cMean    [M/L3] 1   0.00000E+00  0.00000E+00
 Top Flux [L/T]     -0.24235E-02
 Bot Flux [L/T]     -0.16100E-02
----------------------------------------------------------

----------------------------------------------------------
 Time       [T]     3652.0000
----------------------------------------------------------
 Sub-region num.                     1
----------------------------------------------------------
 Length   [L]        0.20000E+03  0.20000E+03
 W-volume [L]        0.77923E+02  0.77923E+02
 In-flow  [L/T]      0.28270E-03  0.28270E-03
 h Mean   [L]        0.54075E+00  0.54075E+00
 ConcVol  [M/L2] 1   0.17953E+00  0.17953E+00
 cMean    [M/L3] 1   0.56683E-03  0.56683E-03
 Top Flux [L/T]     -0.66490E-01
 Bot Flux [L/T]     -0.66193E-01
 WatBalT  [L]        0.92945E-02
 WatBalR  [%]              0.002
 CncBalT  [M]    1   0.10104E-02
 CncBalR  [%]    1         0.011
----------------------------------------------------------
 
 Calculation time [sec]   6.99000000953674     
