 ******* Program HYDRUS
 ******* 
 Welcome to HYDRUS-1D                                                    
 Date:  23. 4.    Time:  14:22:42
 Units: L = cm   , T = days , M = 5    


 Time:        0.0010


 Node      Depth      Head Moisture       K          C         Flux        Sink         Kappa   v/KsTop   Temp   Conc(1..NS) Sorb(1...NS)
           [L]        [L]    [-]        [L/T]      [1/L]      [L/T]        [1/T]         [-]      [-]      [C]      [M/L*3]

   1     0.0000    -100.000 0.3311   0.2423E-02  0.5738E-03 -0.2423E-02  0.0000E+00      -1  -0.334E-01   20.00  0.0000E+00  0.0000E+00
   2    -2.0000    -100.000 0.3311   0.2423E-02  0.5738E-03 -0.2423E-02  0.0000E+00      -1  -0.334E-01   20.00  0.0000E+00  0.0000E+00
   3    -4.0000    -100.000 0.3311   0.2423E-02  0.5738E-03 -0.2540E-02  0.0000E+00      -1  -0.350E-01   20.00  0.0000E+00  0.0000E+00
   4    -6.0000    -100.000 0.3333   0.2891E-02  0.5761E-03 -0.2774E-02  0.0000E+00      -1  -0.382E-01   20.00  0.0000E+00  0.0000E+00
   5    -8.0000    -100.000 0.3333   0.2891E-02  0.5761E-03 -0.2891E-02  0.0000E+00      -1  -0.398E-01   20.00  0.0000E+00  0.0000E+00
   6   -10.0000    -100.000 0.3333   0.2891E-02  0.5761E-03 -0.2891E-02  0.0000E+00      -1  -0.398E-01   20.00  0.0000E+00  0.0000E+00
   7   -12.0000    -100.000 0.3333   0.2891E-02  0.5761E-03 -0.2891E-02  0.0000E+00      -1  -0.398E-01   20.00  0.0000E+00  0.0000E+00
   8   -14.0000    -100.000 0.3333   0.2891E-02  0.5761E-03 -0.2761E-02  0.0000E+00      -1  -0.380E-01   20.00  0.0000E+00  0.0000E+00
   9   -16.0000    -100.000 0.3321   0.2371E-02  0.5679E-03 -0.2501E-02  0.0000E+00      -1  -0.344E-01   20.00  0.0000E+00  0.0000E+00
  10   -18.0000    -100.000 0.3321   0.2371E-02  0.5679E-03 -0.2371E-02  0.0000E+00      -1  -0.326E-01   20.00  0.0000E+00  0.0000E+00
  11   -20.0000    -100.000 0.3321   0.2371E-02  0.5679E-03 -0.2371E-02  0.0000E+00      -1  -0.326E-01   20.00  0.0000E+00  0.0000E+00
  12   -22.0000    -100.000 0.3321   0.2371E-02  0.5679E-03 -0.2371E-02  0.0000E+00      -1  -0.326E-01   20.00  0.0000E+00  0.0000E+00
  13   -24.0000    -100.000 0.3321   0.2371E-02  0.5679E-03 -0.2371E-02  0.0000E+00      -1  -0.326E-01   20.00  0.0000E+00  0.0000E+00
  14   -26.0000    -100.000 0.3321   0.2371E-02  0.5679E-03 -0.2371E-02  0.0000E+00      -1  -0.326E-01   20.00  0.0000E+00  0.0000E+00
  15   -28.0000    -100.000 0.3321   0.2371E-02  0.5679E-03 -0.2371E-02  0.0000E+00      -1  -0.326E-01   20.00  0.0000E+00  0.0000E+00
  16   -30.0000    -100.000 0.3321   0.2371E-02  0.5679E-03 -0.2299E-02  0.0000E+00      -1  -0.316E-01   20.00  0.0000E+00  0.0000E+00
  17   -32.0000    -100.000 0.3310   0.2083E-02  0.5637E-03 -0.2155E-02  0.0000E+00      -1  -0.297E-01   20.00  0.0000E+00  0.0000E+00
  18   -34.0000    -100.000 0.3310   0.2083E-02  0.5637E-03 -0.2083E-02  0.0000E+00      -1  -0.287E-01   20.00  0.0000E+00  0.0000E+00
  19   -36.0000    -100.000 0.3310   0.2083E-02  0.5637E-03 -0.2083E-02  0.0000E+00      -1  -0.287E-01   20.00  0.0000E+00  0.0000E+00
  20   -38.0000    -100.000 0.3310   0.2083E-02  0.5637E-03 -0.2083E-02  0.0000E+00      -1  -0.287E-01   20.00  0.0000E+00  0.0000E+00
  21   -40.0000    -100.000 0.3310   0.2083E-02  0.5637E-03 -0.2083E-02  0.0000E+00      -1  -0.287E-01   20.00  0.0000E+00  0.0000E+00
  22   -42.0000    -100.000 0.3310   0.2083E-02  0.5637E-03 -0.2083E-02  0.0000E+00      -1  -0.287E-01   20.00  0.0000E+00  0.0000E+00
  23   -44.0000    -100.000 0.3310   0.2083E-02  0.5637E-03 -0.2083E-02  0.0000E+00      -1  -0.287E-01   20.00  0.0000E+00  0.0000E+00
  24   -46.0000    -100.000 0.3310   0.2083E-02  0.5637E-03 -0.2083E-02  0.0000E+00      -1  -0.287E-01   20.00  0.0000E+00  0.0000E+00
  25   -48.0000    -100.000 0.3310   0.2083E-02  0.5637E-03 -0.2083E-02  0.0000E+00      -1  -0.287E-01   20.00  0.0000E+00  0.0000E+00
  26   -50.0000    -100.000 0.3310   0.2083E-02  0.5637E-03 -0.2083E-02  0.0000E+00      -1  -0.287E-01   20.00  0.0000E+00  0.0000E+00
  27   -52.0000    -100.000 0.3310   0.2083E-02  0.5637E-03 -0.2083E-02  0.0000E+00      -1  -0.287E-01   20.00  0.0000E+00  0.0000E+00
  28   -54.0000    -100.000 0.3310   0.2083E-02  0.5637E-03 -0.2083E-02  0.0000E+00      -1  -0.287E-01   20.00  0.0000E+00  0.0000E+00
  29   -56.0000    -100.000 0.3310   0.2083E-02  0.5637E-03 -0.2083E-02  0.0000E+00      -1  -0.287E-01   20.00  0.0000E+00  0.0000E+00
  30   -58.0000    -100.000 0.3310   0.2083E-02  0.5637E-03 -0.2083E-02  0.0000E+00      -1  -0.287E-01   20.00  0.0000E+00  0.0000E+00
  31   -60.0000    -100.000 0.3310   0.2083E-02  0.5637E-03 -0.1894E-02  0.0000E+00      -1  -0.261E-01   20.00  0.0000E+00  0.0000E+00
  32   -62.0000    -100.000 0.3168   0.1326E-02  0.5890E-03 -0.1515E-02  0.0000E+00      -1  -0.209E-01   20.00  0.0000E+00  0.0000E+00
  33   -64.0000    -100.000 0.3168   0.1326E-02  0.5890E-03 -0.1326E-02  0.0000E+00      -1  -0.183E-01   20.00  0.0000E+00  0.0000E+00
  34   -66.0000    -100.000 0.3168   0.1326E-02  0.5890E-03 -0.1326E-02  0.0000E+00      -1  -0.183E-01   20.00  0.0000E+00  0.0000E+00
  35   -68.0000    -100.000 0.3168   0.1326E-02  0.5890E-03 -0.1326E-02  0.0000E+00      -1  -0.183E-01   20.00  0.0000E+00  0.0000E+00
  36   -70.0000    -100.000 0.3168   0.1326E-02  0.5890E-03 -0.1326E-02  0.0000E+00      -1  -0.183E-01   20.00  0.0000E+00  0.0000E+00
  37   -72.0000    -100.000 0.3168   0.1326E-02  0.5890E-03 -0.1326E-02  0.0000E+00      -1  -0.183E-01   20.00  0.0000E+00  0.0000E+00
  38   -74.0000    -100.000 0.3168   0.1326E-02  0.5890E-03 -0.1326E-02  0.0000E+00      -1  -0.183E-01   20.00  0.0000E+00  0.0000E+00
  39   -76.0000    -100.000 0.3168   0.1326E-02  0.5890E-03 -0.1326E-02  0.0000E+00      -1  -0.183E-01   20.00  0.0000E+00  0.0000E+00
  40   -78.0000    -100.000 0.3168   0.1326E-02  0.5890E-03 -0.1326E-02  0.0000E+00      -1  -0.183E-01   20.00  0.0000E+00  0.0000E+00
  41   -80.0000    -100.000 0.3168   0.1326E-02  0.5890E-03 -0.1326E-02  0.0000E+00      -1  -0.183E-01   20.00  0.0000E+00  0.0000E+00
  42   -82.0000    -100.000 0.3168   0.1326E-02  0.5890E-03 -0.1326E-02  0.0000E+00      -1  -0.183E-01   20.00  0.0000E+00  0.0000E+00
  43   -84.0000    -100.000 0.3168   0.1326E-02  0.5890E-03 -0.1326E-02  0.0000E+00      -1  -0.183E-01   20.00  0.0000E+00  0.0000E+00
  44   -86.0000    -100.000 0.3168   0.1326E-02  0.5890E-03 -0.1326E-02  0.0000E+00      -1  -0.183E-01   20.00  0.0000E+00  0.0000E+00
  45   -88.0000    -100.000 0.3168   0.1326E-02  0.5890E-03 -0.1326E-02  0.0000E+00      -1  -0.183E-01   20.00  0.0000E+00  0.0000E+00
  46   -90.0000    -100.000 0.3168   0.1326E-02  0.5890E-03 -0.1326E-02  0.0000E+00      -1  -0.183E-01   20.00  0.0000E+00  0.0000E+00
  47   -92.0000    -100.000 0.3168   0.1326E-02  0.5890E-03 -0.1326E-02  0.0000E+00      -1  -0.183E-01   20.00  0.0000E+00  0.0000E+00
  48   -94.0000    -100.000 0.3168   0.1326E-02  0.5890E-03 -0.1326E-02  0.0000E+00      -1  -0.183E-01   20.00  0.0000E+00  0.0000E+00
  49   -96.0000    -100.000 0.3168   0.1326E-02  0.5890E-03 -0.1326E-02  0.0000E+00      -1  -0.183E-01   20.00  0.0000E+00  0.0000E+00
  50   -98.0000    -100.000 0.3168   0.1326E-02  0.5890E-03 -0.1326E-02  0.0000E+00      -1  -0.183E-01   20.00  0.0000E+00  0.0000E+00
  51  -100.0000    -100.000 0.3168   0.1326E-02  0.5890E-03 -0.1397E-02  0.0000E+00      -1  -0.192E-01   20.00  0.0000E+00  0.0000E+00
  52  -102.0000    -100.000 0.3167   0.1610E-02  0.6048E-03 -0.1539E-02  0.0000E+00      -1  -0.212E-01   20.00  0.0000E+00  0.0000E+00
  53  -104.0000    -100.000 0.3167   0.1610E-02  0.6048E-03 -0.1610E-02  0.0000E+00      -1  -0.222E-01   20.00  0.0000E+00  0.0000E+00
  54  -106.0000    -100.000 0.3167   0.1610E-02  0.6048E-03 -0.1610E-02  0.0000E+00      -1  -0.222E-01   20.00  0.0000E+00  0.0000E+00
  55  -108.0000    -100.000 0.3167   0.1610E-02  0.6048E-03 -0.1610E-02  0.0000E+00      -1  -0.222E-01   20.00  0.0000E+00  0.0000E+00
  56  -110.0000    -100.000 0.3167   0.1610E-02  0.6048E-03 -0.1610E-02  0.0000E+00      -1  -0.222E-01   20.00  0.0000E+00  0.0000E+00
  57  -112.0000    -100.000 0.3167   0.1610E-02  0.6048E-03 -0.1610E-02  0.0000E+00      -1  -0.222E-01   20.00  0.0000E+00  0.0000E+00
  58  -114.0000    -100.000 0.3167   0.1610E-02  0.6048E-03 -0.1610E-02  0.0000E+00      -1  -0.222E-01   20.00  0.0000E+00  0.0000E+00
  59  -116.0000    -100.000 0.3167   0.1610E-02  0.6048E-03 -0.1610E-02  0.0000E+00      -1  -0.222E-01   20.00  0.0000E+00  0.0000E+00
  60  -118.0000    -100.000 0.3167   0.1610E-02  0.6048E-03 -0.1610E-02  0.0000E+00      -1  -0.222E-01   20.00  0.0000E+00  0.0000E+00
  61  -120.0000    -100.000 0.3167   0.1610E-02  0.6048E-03 -0.1610E-02  0.0000E+00      -1  -0.222E-01   20.00  0.0000E+00  0.0000E+00
  62  -122.0000    -100.000 0.3167   0.1610E-02  0.6048E-03 -0.1610E-02  0.0000E+00      -1  -0.222E-01   20.00  0.0000E+00  0.0000E+00
  63  -124.0000    -100.000 0.3167   0.1610E-02  0.6048E-03 -0.1610E-02  0.0000E+00      -1  -0.222E-01   20.00  0.0000E+00  0.0000E+00
  64  -126.0000    -100.000 0.3167   0.1610E-02  0.6048E-03 -0.1610E-02  0.0000E+00      -1  -0.222E-01   20.00  0.0000E+00  0.0000E+00
  65  -128.0000    -100.000 0.3167   0.1610E-02  0.6048E-03 -0.1610E-02  0.0000E+00      -1  -0.222E-01   20.00  0.0000E+00  0.0000E+00
  66  -130.0000    -100.000 0.3167   0.1610E-02  0.6048E-03 -0.1610E-02  0.0000E+00      -1  -0.222E-01   20.00  0.0000E+00  0.0000E+00
  67  -132.0000    -100.000 0.3167   0.1610E-02  0.6048E-03 -0.1610E-02  0.0000E+00      -1  -0.222E-01   20.00  0.0000E+00  0.0000E+00
  68  -134.0000    -100.000 0.3167   0.1610E-02  0.6048E-03 -0.1610E-02  0.0000E+00      -1  -0.222E-01   20.00  0.0000E+00  0.0000E+00
  69  -136.0000    -100.000 0.3167   0.1610E-02  0.6048E-03 -0.1610E-02  0.0000E+00      -1  -0.222E-01   20.00  0.0000E+00  0.0000E+00
  70  -138.0000    -100.000 0.3167   0.1610E-02  0.6048E-03 -0.1610E-02  0.0000E+00      -1  -0.222E-01   20.00  0.0000E+00  0.0000E+00
  71  -140.0000    -100.000 0.3167   0.1610E-02  0.6048E-03 -0.1610E-02  0.0000E+00      -1  -0.222E-01   20.00  0.0000E+00  0.0000E+00
  72  -142.0000    -100.000 0.3167   0.1610E-02  0.6048E-03 -0.1610E-02  0.0000E+00      -1  -0.222E-01   20.00  0.0000E+00  0.0000E+00
  73  -144.0000    -100.000 0.3167   0.1610E-02  0.6048E-03 -0.1610E-02  0.0000E+00      -1  -0.222E-01   20.00  0.0000E+00  0.0000E+00
  74  -146.0000    -100.000 0.3167   0.1610E-02  0.6048E-03 -0.1610E-02  0.0000E+00      -1  -0.222E-01   20.00  0.0000E+00  0.0000E+00
  75  -148.0000    -100.000 0.3167   0.1610E-02  0.6048E-03 -0.1610E-02  0.0000E+00      -1  -0.222E-01   20.00  0.0000E+00  0.0000E+00
  76  -150.0000    -100.000 0.3167   0.1610E-02  0.6048E-03 -0.1610E-02  0.0000E+00      -1  -0.222E-01   20.00  0.0000E+00  0.0000E+00
  77  -152.0000    -100.000 0.3167   0.1610E-02  0.6048E-03 -0.1610E-02  0.0000E+00      -1  -0.222E-01   20.00  0.0000E+00  0.0000E+00
  78  -154.0000    -100.000 0.3167   0.1610E-02  0.6048E-03 -0.1610E-02  0.0000E+00      -1  -0.222E-01   20.00  0.0000E+00  0.0000E+00
  79  -156.0000    -100.000 0.3167   0.1610E-02  0.6048E-03 -0.1610E-02  0.0000E+00      -1  -0.222E-01   20.00  0.0000E+00  0.0000E+00
  80  -158.0000    -100.000 0.3167   0.1610E-02  0.6048E-03 -0.1610E-02  0.0000E+00      -1  -0.222E-01   20.00  0.0000E+00  0.0000E+00
  81  -160.0000    -100.000 0.3167   0.1610E-02  0.6048E-03 -0.1610E-02  0.0000E+00      -1  -0.222E-01   20.00  0.0000E+00  0.0000E+00
  82  -162.0000    -100.000 0.3167   0.1610E-02  0.6048E-03 -0.1610E-02  0.0000E+00      -1  -0.222E-01   20.00  0.0000E+00  0.0000E+00
  83  -164.0000    -100.000 0.3167   0.1610E-02  0.6048E-03 -0.1610E-02  0.0000E+00      -1  -0.222E-01   20.00  0.0000E+00  0.0000E+00
  84  -166.0000    -100.000 0.3167   0.1610E-02  0.6048E-03 -0.1610E-02  0.0000E+00      -1  -0.222E-01   20.00  0.0000E+00  0.0000E+00
  85  -168.0000    -100.000 0.3167   0.1610E-02  0.6048E-03 -0.1610E-02  0.0000E+00      -1  -0.222E-01   20.00  0.0000E+00  0.0000E+00
  86  -170.0000    -100.000 0.3167   0.1610E-02  0.6048E-03 -0.1610E-02  0.0000E+00      -1  -0.222E-01   20.00  0.0000E+00  0.0000E+00
  87  -172.0000    -100.000 0.3167   0.1610E-02  0.6048E-03 -0.1610E-02  0.0000E+00      -1  -0.222E-01   20.00  0.0000E+00  0.0000E+00
  88  -174.0000    -100.000 0.3167   0.1610E-02  0.6048E-03 -0.1610E-02  0.0000E+00      -1  -0.222E-01   20.00  0.0000E+00  0.0000E+00
  89  -176.0000    -100.000 0.3167   0.1610E-02  0.6048E-03 -0.1610E-02  0.0000E+00      -1  -0.222E-01   20.00  0.0000E+00  0.0000E+00
  90  -178.0000    -100.000 0.3167   0.1610E-02  0.6048E-03 -0.1610E-02  0.0000E+00      -1  -0.222E-01   20.00  0.0000E+00  0.0000E+00
  91  -180.0000    -100.000 0.3167   0.1610E-02  0.6048E-03 -0.1610E-02  0.0000E+00      -1  -0.222E-01   20.00  0.0000E+00  0.0000E+00
  92  -182.0000    -100.000 0.3167   0.1610E-02  0.6048E-03 -0.1610E-02  0.0000E+00      -1  -0.222E-01   20.00  0.0000E+00  0.0000E+00
  93  -184.0000    -100.000 0.3167   0.1610E-02  0.6048E-03 -0.1610E-02  0.0000E+00      -1  -0.222E-01   20.00  0.0000E+00  0.0000E+00
  94  -186.0000    -100.000 0.3167   0.1610E-02  0.6048E-03 -0.1610E-02  0.0000E+00      -1  -0.222E-01   20.00  0.0000E+00  0.0000E+00
  95  -188.0000    -100.000 0.3167   0.1610E-02  0.6048E-03 -0.1610E-02  0.0000E+00      -1  -0.222E-01   20.00  0.0000E+00  0.0000E+00
  96  -190.0000    -100.000 0.3167   0.1610E-02  0.6048E-03 -0.1610E-02  0.0000E+00      -1  -0.222E-01   20.00  0.0000E+00  0.0000E+00
  97  -192.0000    -100.000 0.3167   0.1610E-02  0.6048E-03 -0.1610E-02  0.0000E+00      -1  -0.222E-01   20.00  0.0000E+00  0.0000E+00
  98  -194.0000    -100.000 0.3167   0.1610E-02  0.6048E-03 -0.1610E-02  0.0000E+00      -1  -0.222E-01   20.00  0.0000E+00  0.0000E+00
  99  -196.0000    -100.000 0.3167   0.1610E-02  0.6048E-03 -0.1610E-02  0.0000E+00      -1  -0.222E-01   20.00  0.0000E+00  0.0000E+00
 100  -198.0000    -100.000 0.3167   0.1610E-02  0.6048E-03 -0.1610E-02  0.0000E+00      -1  -0.222E-01   20.00  0.0000E+00  0.0000E+00
 101  -200.0000    -100.000 0.3167   0.1610E-02  0.6048E-03 -0.1610E-02  0.0000E+00      -1  -0.222E-01   20.00  0.0000E+00  0.0000E+00
end


 Time:     3652.0000


 Node      Depth      Head Moisture       K          C         Flux        Sink         Kappa   v/KsTop   Temp   Conc(1..NS) Sorb(1...NS)
           [L]        [L]    [-]        [L/T]      [1/L]      [L/T]        [1/T]         [-]      [-]      [C]      [M/L*3]

   1     0.0000       0.000 0.3925   0.7264E-01  0.0000E+00 -0.6649E-01  0.0000E+00      -1  -0.915E+00   20.00  0.0000E+00  0.0000E+00
   2    -2.0000       0.169 0.3925   0.7264E-01  0.0000E+00 -0.6649E-01  0.0000E+00      -1  -0.915E+00   20.00  0.2763E-05  0.0000E+00
   3    -4.0000       0.338 0.3925   0.7264E-01  0.0000E+00 -0.6649E-01  0.0000E+00      -1  -0.915E+00   20.00  0.5958E-05  0.0000E+00
   4    -6.0000       0.561 0.3934   0.7699E-01  0.0000E+00 -0.6649E-01  0.0000E+00      -1  -0.915E+00   20.00  0.9593E-05  0.0000E+00
   5    -8.0000       0.834 0.3934   0.7699E-01  0.0000E+00 -0.6649E-01  0.0000E+00      -1  -0.915E+00   20.00  0.1368E-04  0.0000E+00
   6   -10.0000       1.107 0.3934   0.7699E-01  0.0000E+00 -0.6649E-01  0.0000E+00      -1  -0.915E+00   20.00  0.1821E-04  0.0000E+00
   7   -12.0000       1.379 0.3934   0.7699E-01  0.0000E+00 -0.6649E-01  0.0000E+00      -1  -0.915E+00   20.00  0.2317E-04  0.0000E+00
   8   -14.0000       1.652 0.3934   0.7699E-01  0.0000E+00 -0.6649E-01  0.0000E+00      -1  -0.915E+00   20.00  0.2854E-04  0.0000E+00
   9   -16.0000       1.845 0.3926   0.7013E-01  0.0000E+00 -0.6649E-01  0.0000E+00      -1  -0.915E+00   20.00  0.3430E-04  0.0000E+00
  10   -18.0000       1.948 0.3926   0.7013E-01  0.0000E+00 -0.6649E-01  0.0000E+00      -1  -0.915E+00   20.00  0.4055E-04  0.0000E+00
  11   -20.0000       2.052 0.3926   0.7013E-01  0.0000E+00 -0.6649E-01  0.0000E+00      -1  -0.915E+00   20.00  0.4728E-04  0.0000E+00
  12   -22.0000       2.156 0.3926   0.7013E-01  0.0000E+00 -0.6649E-01  0.0000E+00      -1  -0.915E+00   20.00  0.5448E-04  0.0000E+00
  13   -24.0000       2.260 0.3926   0.7013E-01  0.0000E+00 -0.6649E-01  0.0000E+00      -1  -0.915E+00   20.00  0.6213E-04  0.0000E+00
  14   -26.0000       2.364 0.3926   0.7013E-01  0.0000E+00 -0.6649E-01  0.0000E+00      -1  -0.915E+00   20.00  0.7019E-04  0.0000E+00
  15   -28.0000       2.468 0.3926   0.7013E-01  0.0000E+00 -0.6649E-01  0.0000E+00      -1  -0.915E+00   20.00  0.7862E-04  0.0000E+00
  16   -30.0000       2.571 0.3926   0.7013E-01  0.0000E+00 -0.6649E-01  0.0000E+00      -1  -0.915E+00   20.00  0.8736E-04  0.0000E+00
  17   -32.0000       2.626 0.3921   0.6656E-01  0.0000E+00 -0.6649E-01  0.0000E+00      -1  -0.915E+00   20.00  0.9635E-04  0.0000E+00
  18   -34.0000       2.628 0.3921   0.6656E-01  0.0000E+00 -0.6649E-01  0.0000E+00      -1  -0.915E+00   20.00  0.1059E-03  0.0000E+00
  19   -36.0000       2.630 0.3921   0.6656E-01  0.0000E+00 -0.6649E-01  0.0000E+00      -1  -0.915E+00   20.00  0.1159E-03  0.0000E+00
  20   -38.0000       2.632 0.3921   0.6656E-01  0.0000E+00 -0.6649E-01  0.0000E+00      -1  -0.915E+00   20.00  0.1265E-03  0.0000E+00
  21   -40.0000       2.634 0.3921   0.6656E-01  0.0000E+00 -0.6649E-01  0.0000E+00      -1  -0.915E+00   20.00  0.1376E-03  0.0000E+00
  22   -42.0000       2.636 0.3921   0.6656E-01  0.0000E+00 -0.6649E-01  0.0000E+00      -1  -0.915E+00   20.00  0.1492E-03  0.0000E+00
  23   -44.0000       2.638 0.3921   0.6656E-01  0.0000E+00 -0.6649E-01  0.0000E+00      -1  -0.915E+00   20.00  0.1613E-03  0.0000E+00
  24   -46.0000       2.640 0.3921   0.6656E-01  0.0000E+00 -0.6649E-01  0.0000E+00      -1  -0.915E+00   20.00  0.1738E-03  0.0000E+00
  25   -48.0000       2.642 0.3921   0.6656E-01  0.0000E+00 -0.6649E-01  0.0000E+00      -1  -0.915E+00   20.00  0.1868E-03  0.0000E+00
  26   -50.0000       2.644 0.3921   0.6656E-01  0.0000E+00 -0.6649E-01  0.0000E+00      -1  -0.915E+00   20.00  0.2000E-03  0.0000E+00
  27   -52.0000       2.646 0.3921   0.6656E-01  0.0000E+00 -0.6835E-01  0.0000E+00      -1  -0.941E+00   20.00  0.2136E-03  0.0000E+00
  28   -54.0000       2.536 0.3921   0.6656E-01  0.0000E+00 -0.7202E-01  0.0000E+00      -1  -0.992E+00   20.00  0.2273E-03  0.0000E+00
  29   -56.0000       2.317 0.3921   0.6656E-01  0.0000E+00 -0.7526E-01  0.0000E+00      -1  -0.104E+01   20.00  0.2412E-03  0.0000E+00
  30   -58.0000       2.013 0.3921   0.6656E-01  0.0000E+00 -0.7776E-01  0.0000E+00      -1  -0.107E+01   20.00  0.2551E-03  0.0000E+00
  31   -60.0000       1.600 0.3921   0.6412E-01  0.2586E-04 -0.7878E-01  0.0000E+00      -1  -0.108E+01   20.00  0.2690E-03  0.0000E+00
  32   -62.0000       1.179 0.3880   0.6597E-01  0.4969E-04 -0.7763E-01  0.0000E+00      -1  -0.107E+01   20.00  0.2829E-03  0.0000E+00
  33   -64.0000       0.853 0.3880   0.6566E-01  0.5351E-04 -0.7516E-01  0.0000E+00      -1  -0.103E+01   20.00  0.2973E-03  0.0000E+00
  34   -66.0000       0.603 0.3880   0.6553E-01  0.5499E-04 -0.7252E-01  0.0000E+00      -1  -0.998E+00   20.00  0.3123E-03  0.0000E+00
  35   -68.0000       0.428 0.3880   0.6548E-01  0.5563E-04 -0.7018E-01  0.0000E+00      -1  -0.966E+00   20.00  0.3278E-03  0.0000E+00
  36   -70.0000       0.302 0.3880   0.6453E-01  0.6723E-04 -0.6812E-01  0.0000E+00      -1  -0.938E+00   20.00  0.3438E-03  0.0000E+00
  37   -72.0000       0.202 0.3880   0.6333E-01  0.8200E-04 -0.6627E-01  0.0000E+00      -1  -0.912E+00   20.00  0.3604E-03  0.0000E+00
  38   -74.0000       0.128 0.3880   0.6283E-01  0.8830E-04 -0.6485E-01  0.0000E+00      -1  -0.893E+00   20.00  0.3775E-03  0.0000E+00
  39   -76.0000       0.078 0.3879   0.6258E-01  0.9143E-04 -0.6388E-01  0.0000E+00      -1  -0.879E+00   20.00  0.3952E-03  0.0000E+00
  40   -78.0000       0.046 0.3879   0.6244E-01  0.9307E-04 -0.6326E-01  0.0000E+00      -1  -0.871E+00   20.00  0.4134E-03  0.0000E+00
  41   -80.0000       0.026 0.3879   0.6238E-01  0.9388E-04 -0.6287E-01  0.0000E+00      -1  -0.866E+00   20.00  0.4320E-03  0.0000E+00
  42   -82.0000       0.015 0.3879   0.6234E-01  0.9441E-04 -0.6262E-01  0.0000E+00      -1  -0.862E+00   20.00  0.4512E-03  0.0000E+00
  43   -84.0000       0.009 0.3879   0.6230E-01  0.9486E-04 -0.6245E-01  0.0000E+00      -1  -0.860E+00   20.00  0.4709E-03  0.0000E+00
  44   -86.0000       0.005 0.3879   0.6225E-01  0.9546E-04 -0.6233E-01  0.0000E+00      -1  -0.858E+00   20.00  0.4910E-03  0.0000E+00
  45   -88.0000       0.003 0.3879   0.6217E-01  0.9647E-04 -0.6222E-01  0.0000E+00      -1  -0.857E+00   20.00  0.5115E-03  0.0000E+00
  46   -90.0000       0.001 0.3879   0.6203E-01  0.9828E-04 -0.6211E-01  0.0000E+00      -1  -0.855E+00   20.00  0.5326E-03  0.0000E+00
  47   -92.0000      -0.005 0.3879   0.6174E-01  0.1018E-03 -0.6199E-01  0.0000E+00      -1  -0.853E+00   20.00  0.5540E-03  0.0000E+00
  48   -94.0000      -0.018 0.3879   0.6125E-01  0.1080E-03 -0.6185E-01  0.0000E+00      -1  -0.852E+00   20.00  0.5759E-03  0.0000E+00
  49   -96.0000      -0.050 0.3879   0.6038E-01  0.1190E-03 -0.6173E-01  0.0000E+00      -1  -0.850E+00   20.00  0.5983E-03  0.0000E+00
  50   -98.0000      -0.117 0.3879   0.5895E-01  0.1373E-03 -0.6167E-01  0.0000E+00      -1  -0.849E+00   20.00  0.6210E-03  0.0000E+00
  51  -100.0000      -0.249 0.3879   0.5677E-01  0.1655E-03 -0.6188E-01  0.0000E+00      -1  -0.852E+00   20.00  0.6439E-03  0.0000E+00
  52  -102.0000      -0.308 0.3885   0.6385E-01  0.1620E-03 -0.6235E-01  0.0000E+00      -1  -0.858E+00   20.00  0.6668E-03  0.0000E+00
  53  -104.0000      -0.275 0.3885   0.6347E-01  0.1665E-03 -0.6283E-01  0.0000E+00      -1  -0.865E+00   20.00  0.6888E-03  0.0000E+00
  54  -106.0000      -0.263 0.3885   0.6338E-01  0.1676E-03 -0.6317E-01  0.0000E+00      -1  -0.870E+00   20.00  0.7102E-03  0.0000E+00
  55  -108.0000      -0.254 0.3885   0.6380E-01  0.1626E-03 -0.6360E-01  0.0000E+00      -1  -0.876E+00   20.00  0.7311E-03  0.0000E+00
  56  -110.0000      -0.247 0.3885   0.6445E-01  0.1550E-03 -0.6425E-01  0.0000E+00      -1  -0.885E+00   20.00  0.7515E-03  0.0000E+00
  57  -112.0000      -0.239 0.3885   0.6524E-01  0.1457E-03 -0.6492E-01  0.0000E+00      -1  -0.894E+00   20.00  0.7715E-03  0.0000E+00
  58  -114.0000      -0.230 0.3885   0.6591E-01  0.1378E-03 -0.6554E-01  0.0000E+00      -1  -0.902E+00   20.00  0.7908E-03  0.0000E+00
  59  -116.0000      -0.220 0.3885   0.6638E-01  0.1324E-03 -0.6601E-01  0.0000E+00      -1  -0.909E+00   20.00  0.8096E-03  0.0000E+00
  60  -118.0000      -0.211 0.3885   0.6659E-01  0.1299E-03 -0.6631E-01  0.0000E+00      -1  -0.913E+00   20.00  0.8277E-03  0.0000E+00
  61  -120.0000      -0.205 0.3885   0.6664E-01  0.1293E-03 -0.6646E-01  0.0000E+00      -1  -0.915E+00   20.00  0.8452E-03  0.0000E+00
  62  -122.0000      -0.202 0.3885   0.6660E-01  0.1299E-03 -0.6650E-01  0.0000E+00      -1  -0.916E+00   20.00  0.8619E-03  0.0000E+00
  63  -124.0000      -0.200 0.3885   0.6651E-01  0.1309E-03 -0.6648E-01  0.0000E+00      -1  -0.915E+00   20.00  0.8778E-03  0.0000E+00
  64  -126.0000      -0.200 0.3885   0.6641E-01  0.1320E-03 -0.6642E-01  0.0000E+00      -1  -0.914E+00   20.00  0.8929E-03  0.0000E+00
  65  -128.0000      -0.201 0.3885   0.6632E-01  0.1330E-03 -0.6636E-01  0.0000E+00      -1  -0.914E+00   20.00  0.9071E-03  0.0000E+00
  66  -130.0000      -0.202 0.3885   0.6625E-01  0.1338E-03 -0.6629E-01  0.0000E+00      -1  -0.913E+00   20.00  0.9204E-03  0.0000E+00
  67  -132.0000      -0.203 0.3885   0.6621E-01  0.1344E-03 -0.6624E-01  0.0000E+00      -1  -0.912E+00   20.00  0.9327E-03  0.0000E+00
  68  -134.0000      -0.204 0.3885   0.6618E-01  0.1346E-03 -0.6621E-01  0.0000E+00      -1  -0.912E+00   20.00  0.9441E-03  0.0000E+00
  69  -136.0000      -0.204 0.3885   0.6617E-01  0.1348E-03 -0.6619E-01  0.0000E+00      -1  -0.911E+00   20.00  0.9544E-03  0.0000E+00
  70  -138.0000      -0.205 0.3885   0.6617E-01  0.1348E-03 -0.6618E-01  0.0000E+00      -1  -0.911E+00   20.00  0.9636E-03  0.0000E+00
  71  -140.0000      -0.205 0.3885   0.6617E-01  0.1348E-03 -0.6618E-01  0.0000E+00      -1  -0.911E+00   20.00  0.9718E-03  0.0000E+00
  72  -142.0000      -0.205 0.3885   0.6618E-01  0.1347E-03 -0.6618E-01  0.0000E+00      -1  -0.911E+00   20.00  0.9788E-03  0.0000E+00
  73  -144.0000      -0.205 0.3885   0.6619E-01  0.1346E-03 -0.6619E-01  0.0000E+00      -1  -0.911E+00   20.00  0.9846E-03  0.0000E+00
  74  -146.0000      -0.205 0.3885   0.6620E-01  0.1345E-03 -0.6620E-01  0.0000E+00      -1  -0.911E+00   20.00  0.9893E-03  0.0000E+00
  75  -148.0000      -0.205 0.3885   0.6621E-01  0.1344E-03 -0.6620E-01  0.0000E+00      -1  -0.911E+00   20.00  0.9929E-03  0.0000E+00
  76  -150.0000      -0.205 0.3885   0.6621E-01  0.1343E-03 -0.6621E-01  0.0000E+00      -1  -0.911E+00   20.00  0.9953E-03  0.0000E+00
  77  -152.0000      -0.205 0.3885   0.6621E-01  0.1343E-03 -0.6621E-01  0.0000E+00      -1  -0.912E+00   20.00  0.9965E-03  0.0000E+00
  78  -154.0000      -0.205 0.3885   0.6621E-01  0.1343E-03 -0.6621E-01  0.0000E+00      -1  -0.912E+00   20.00  0.9965E-03  0.0000E+00
  79  -156.0000      -0.205 0.3885   0.6622E-01  0.1343E-03 -0.6621E-01  0.0000E+00      -1  -0.912E+00   20.00  0.9954E-03  0.0000E+00
  80  -158.0000      -0.205 0.3885   0.6622E-01  0.1343E-03 -0.6621E-01  0.0000E+00      -1  -0.912E+00   20.00  0.9932E-03  0.0000E+00
  81  -160.0000      -0.205 0.3885   0.6622E-01  0.1343E-03 -0.6621E-01  0.0000E+00      -1  -0.912E+00   20.00  0.9900E-03  0.0000E+00
  82  -162.0000      -0.205 0.3885   0.6621E-01  0.1343E-03 -0.6621E-01  0.0000E+00      -1  -0.912E+00   20.00  0.9856E-03  0.0000E+00
  83  -164.0000      -0.205 0.3885   0.6621E-01  0.1344E-03 -0.6621E-01  0.0000E+00      -1  -0.912E+00   20.00  0.9803E-03  0.0000E+00
  84  -166.0000      -0.205 0.3885   0.6621E-01  0.1344E-03 -0.6621E-01  0.0000E+00      -1  -0.912E+00   20.00  0.9740E-03  0.0000E+00
  85  -168.0000      -0.205 0.3885   0.6621E-01  0.1344E-03 -0.6621E-01  0.0000E+00      -1  -0.912E+00   20.00  0.9668E-03  0.0000E+00
  86  -170.0000      -0.205 0.3885   0.6621E-01  0.1344E-03 -0.6621E-01  0.0000E+00      -1  -0.912E+00   20.00  0.9589E-03  0.0000E+00
  87  -172.0000      -0.205 0.3885   0.6621E-01  0.1344E-03 -0.6621E-01  0.0000E+00      -1  -0.912E+00   20.00  0.9502E-03  0.0000E+00
  88  -174.0000      -0.205 0.3885   0.6621E-01  0.1344E-03 -0.6621E-01  0.0000E+00      -1  -0.911E+00   20.00  0.9409E-03  0.0000E+00
  89  -176.0000      -0.205 0.3885   0.6621E-01  0.1344E-03 -0.6621E-01  0.0000E+00      -1  -0.911E+00   20.00  0.9311E-03  0.0000E+00
  90  -178.0000      -0.205 0.3885   0.6620E-01  0.1344E-03 -0.6620E-01  0.0000E+00      -1  -0.911E+00   20.00  0.9209E-03  0.0000E+00
  91  -180.0000      -0.205 0.3885   0.6620E-01  0.1344E-03 -0.6620E-01  0.0000E+00      -1  -0.911E+00   20.00  0.9104E-03  0.0000E+00
  92  -182.0000      -0.205 0.3885   0.6620E-01  0.1345E-03 -0.6620E-01  0.0000E+00      -1  -0.911E+00   20.00  0.8999E-03  0.0000E+00
  93  -184.0000      -0.205 0.3885   0.6620E-01  0.1345E-03 -0.6620E-01  0.0000E+00      -1  -0.911E+00   20.00  0.8895E-03  0.0000E+00
  94  -186.0000      -0.205 0.3885   0.6620E-01  0.1345E-03 -0.6620E-01  0.0000E+00      -1  -0.911E+00   20.00  0.8794E-03  0.0000E+00
  95  -188.0000      -0.205 0.3885   0.6620E-01  0.1345E-03 -0.6620E-01  0.0000E+00      -1  -0.911E+00   20.00  0.8698E-03  0.0000E+00
  96  -190.0000      -0.205 0.3885   0.6619E-01  0.1345E-03 -0.6620E-01  0.0000E+00      -1  -0.911E+00   20.00  0.8610E-03  0.0000E+00
  97  -192.0000      -0.205 0.3885   0.6620E-01  0.1345E-03 -0.6620E-01  0.0000E+00      -1  -0.911E+00   20.00  0.8533E-03  0.0000E+00
  98  -194.0000      -0.205 0.3885   0.6620E-01  0.1345E-03 -0.6620E-01  0.0000E+00      -1  -0.911E+00   20.00  0.8470E-03  0.0000E+00
  99  -196.0000      -0.205 0.3885   0.6619E-01  0.1345E-03 -0.6620E-01  0.0000E+00      -1  -0.911E+00   20.00  0.8424E-03  0.0000E+00
 100  -198.0000      -0.205 0.3885   0.6619E-01  0.1345E-03 -0.6619E-01  0.0000E+00      -1  -0.911E+00   20.00  0.8398E-03  0.0000E+00
 101  -200.0000      -0.205 0.3885   0.6619E-01  0.1346E-03 -0.6619E-01  0.0000E+00      -1  -0.911E+00   20.00  0.8398E-03  0.0000E+00
end
